[    24.675] (--) Log file renamed from "/home/shiyayong/.local/share/xorg/Xorg.pid-1637.log" to "/home/shiyayong/.local/share/xorg/Xorg.0.log"
[    24.677] 
X.Org X Server 1.20.8
X Protocol Version 11, Revision 0
[    24.677] Build Operating System: Linux 4.4.0-184-generic x86_64 Ubuntu
[    24.678] Current Operating System: Linux ubuntu 5.4.0-42-generic #46~18.04.1-Ubuntu SMP Fri Jul 10 07:21:24 UTC 2020 x86_64
[    24.678] Kernel command line: BOOT_IMAGE=/boot/vmlinuz-5.4.0-42-generic root=UUID=b08e6d68-dc8e-414d-8e6d-d40cee461865 ro find_preseed=/preseed.cfg auto noprompt priority=critical locale=en_US quiet
[    24.678] Build Date: 03 July 2020  07:00:25AM
[    24.678] xorg-server-hwe-18.04 2:1.20.8-2ubuntu2.2~18.04.1 (For technical support please see http://www.ubuntu.com/support) 
[    24.678] Current version of pixman: 0.34.0
[    24.678] 	Before reporting problems, check http://wiki.x.org
	to make sure that you have the latest version.
[    24.678] Markers: (--) probed, (**) from config file, (==) default setting,
	(++) from command line, (!!) notice, (II) informational,
	(WW) warning, (EE) error, (NI) not implemented, (??) unknown.
[    24.678] (==) Log file: "/home/shiyayong/.local/share/xorg/Xorg.0.log", Time: Fri Oct 30 23:19:34 2020
[    24.680] (==) Using system config directory "/usr/share/X11/xorg.conf.d"
[    24.683] (==) No Layout section.  Using the first Screen section.
[    24.683] (==) No screen section available. Using defaults.
[    24.683] (**) |-->Screen "Default Screen Section" (0)
[    24.683] (**) |   |-->Monitor "<default monitor>"
[    24.684] (==) No monitor specified for screen "Default Screen Section".
	Using a default monitor configuration.
[    24.684] (==) Automatically adding devices
[    24.685] (==) Automatically enabling devices
[    24.685] (==) Automatically adding GPU devices
[    24.685] (==) Automatically binding GPU devices
[    24.685] (==) Max clients allowed: 256, resource mask: 0x1fffff
[    24.685] (WW) The directory "/usr/share/fonts/X11/cyrillic" does not exist.
[    24.685] 	Entry deleted from font path.
[    24.685] (WW) The directory "/usr/share/fonts/X11/100dpi/" does not exist.
[    24.685] 	Entry deleted from font path.
[    24.685] (WW) The directory "/usr/share/fonts/X11/75dpi/" does not exist.
[    24.685] 	Entry deleted from font path.
[    24.685] (WW) The directory "/usr/share/fonts/X11/100dpi" does not exist.
[    24.685] 	Entry deleted from font path.
[    24.686] (WW) The directory "/usr/share/fonts/X11/75dpi" does not exist.
[    24.686] 	Entry deleted from font path.
[    24.686] (==) FontPath set to:
	/usr/share/fonts/X11/misc,
	/usr/share/fonts/X11/Type1,
	built-ins
[    24.687] (==) ModulePath set to "/usr/lib/xorg/modules"
[    24.687] (II) The server relies on udev to provide the list of input devices.
	If no devices become available, reconfigure udev or disable AutoAddDevices.
[    24.687] (II) Loader magic: 0x5590906b0020
[    24.687] (II) Module ABI versions:
[    24.687] 	X.Org ANSI C Emulation: 0.4
[    24.687] 	X.Org Video Driver: 24.1
[    24.687] 	X.Org XInput driver : 24.1
[    24.687] 	X.Org Server Extension : 10.0
[    24.688] (++) using VT number 2

[    24.691] (II) systemd-logind: took control of session /org/freedesktop/login1/session/_32
[    24.692] (II) xfree86: Adding drm device (/dev/dri/card0)
[    24.693] (II) systemd-logind: got fd for /dev/dri/card0 226:0 fd 12 paused 0
[    24.699] (--) PCI:*(0@0:15:0) 15ad:0405:15ad:0405 rev 0, Mem @ 0xe8000000/134217728, 0xfe000000/8388608, I/O @ 0x00001070/16, BIOS @ 0x????????/131072
[    24.699] (II) LoadModule: "glx"
[    24.700] (II) Loading /usr/lib/xorg/modules/extensions/libglx.so
[    24.707] (II) Module glx: vendor="X.Org Foundation"
[    24.707] 	compiled for 1.20.8, module version = 1.0.0
[    24.707] 	ABI class: X.Org Server Extension, version 10.0
[    24.707] (==) Matched vmware as autoconfigured driver 0
[    24.707] (==) Matched modesetting as autoconfigured driver 1
[    24.707] (==) Matched fbdev as autoconfigured driver 2
[    24.707] (==) Matched vesa as autoconfigured driver 3
[    24.707] (==) Assigned the driver to the xf86ConfigLayout
[    24.707] (II) LoadModule: "vmware"
[    24.707] (II) Loading /usr/lib/xorg/modules/drivers/vmware_drv.so
[    24.777] (II) Module vmware: vendor="X.Org Foundation"
[    24.777] 	compiled for 1.20.1, module version = 13.3.0
[    24.777] 	Module class: X.Org Video Driver
[    24.777] 	ABI class: X.Org Video Driver, version 24.0
[    24.777] (II) LoadModule: "modesetting"
[    24.777] (II) Loading /usr/lib/xorg/modules/drivers/modesetting_drv.so
[    24.779] (II) Module modesetting: vendor="X.Org Foundation"
[    24.779] 	compiled for 1.20.8, module version = 1.20.8
[    24.779] 	Module class: X.Org Video Driver
[    24.779] 	ABI class: X.Org Video Driver, version 24.1
[    24.779] (II) LoadModule: "fbdev"
[    24.780] (II) Loading /usr/lib/xorg/modules/drivers/fbdev_drv.so
[    24.781] (II) Module fbdev: vendor="X.Org Foundation"
[    24.781] 	compiled for 1.20.1, module version = 0.5.0
[    24.781] 	Module class: X.Org Video Driver
[    24.781] 	ABI class: X.Org Video Driver, version 24.0
[    24.781] (II) LoadModule: "vesa"
[    24.781] (II) Loading /usr/lib/xorg/modules/drivers/vesa_drv.so
[    24.782] (II) Module vesa: vendor="X.Org Foundation"
[    24.782] 	compiled for 1.20.1, module version = 2.4.0
[    24.783] 	Module class: X.Org Video Driver
[    24.783] 	ABI class: X.Org Video Driver, version 24.0
[    24.783] (II) vmware: driver for VMware SVGA: vmware0405, vmware0710
[    24.783] (II) modesetting: Driver for Modesetting Kernel Drivers: kms
[    24.783] (II) FBDEV: driver for framebuffer: fbdev
[    24.783] (II) VESA: driver for VESA chipsets: vesa
[    24.783] xf86EnableIOPorts: failed to set IOPL for I/O (Operation not permitted)
[    24.783] (WW) Falling back to old probe method for modesetting
[    24.783] (WW) Falling back to old probe method for fbdev
[    24.783] (II) Loading sub module "fbdevhw"
[    24.783] (II) LoadModule: "fbdevhw"
[    24.784] (II) Loading /usr/lib/xorg/modules/libfbdevhw.so
[    24.785] (II) Module fbdevhw: vendor="X.Org Foundation"
[    24.785] 	compiled for 1.20.8, module version = 0.0.2
[    24.785] 	ABI class: X.Org Video Driver, version 24.1
[    24.785] (EE) open /dev/fb0: Permission denied
[    24.785] (WW) VGA arbiter: cannot open kernel arbiter, no multi-card support
[    24.785] (II) vmware(0): Creating default Display subsection in Screen section
	"Default Screen Section" for depth/fbbpp 24/32
[    24.785] (--) vmware(0): DRM driver version is 2.15.0
[    24.785] (==) vmware(0): Depth 24, (--) framebuffer bpp 32
[    24.785] (==) vmware(0): RGB weight 888
[    24.785] (==) vmware(0): Default visual is TrueColor
[    24.786] (--) vmware(0): Min width 1, Max Width 16384.
[    24.786] (--) vmware(0): Min height 1, Max Height 16384.
[    24.787] (II) vmware(0): Output Virtual1 has no monitor section
[    24.787] (II) vmware(0): Output Virtual2 has no monitor section
[    24.787] (II) vmware(0): Output Virtual3 has no monitor section
[    24.787] (II) vmware(0): Output Virtual4 has no monitor section
[    24.787] (II) vmware(0): Output Virtual5 has no monitor section
[    24.787] (II) vmware(0): Output Virtual6 has no monitor section
[    24.787] (II) vmware(0): Output Virtual7 has no monitor section
[    24.787] (II) vmware(0): Output Virtual8 has no monitor section
[    24.788] (II) vmware(0): Printing probed modes for output Virtual1
[    24.788] (II) vmware(0): Modeline "1718x897"x60.0  117.34  1718 1768 1818 1868  897 947 997 1047 -hsync +vsync (62.8 kHz eP)
[    24.788] (II) vmware(0): Modeline "2560x1600"x60.0  348.50  2560 2752 3032 3504  1600 1603 1609 1658 -hsync +vsync (99.5 kHz e)
[    24.788] (II) vmware(0): Modeline "1920x1440"x60.0  234.00  1920 2048 2256 2600  1440 1441 1444 1500 -hsync +vsync (90.0 kHz e)
[    24.788] (II) vmware(0): Modeline "1856x1392"x60.0  218.25  1856 1952 2176 2528  1392 1393 1396 1439 -hsync +vsync (86.3 kHz e)
[    24.788] (II) vmware(0): Modeline "1792x1344"x60.0  204.75  1792 1920 2120 2448  1344 1345 1348 1394 -hsync +vsync (83.6 kHz e)
[    24.788] (II) vmware(0): Modeline "1920x1200"x59.9  193.25  1920 2056 2256 2592  1200 1203 1209 1245 -hsync +vsync (74.6 kHz e)
[    24.788] (II) vmware(0): Modeline "1600x1200"x60.0  162.00  1600 1664 1856 2160  1200 1201 1204 1250 +hsync +vsync (75.0 kHz e)
[    24.788] (II) vmware(0): Modeline "1680x1050"x60.0  146.25  1680 1784 1960 2240  1050 1053 1059 1089 -hsync +vsync (65.3 kHz e)
[    24.788] (II) vmware(0): Modeline "1400x1050"x60.0  121.75  1400 1488 1632 1864  1050 1053 1057 1089 -hsync +vsync (65.3 kHz e)
[    24.788] (II) vmware(0): Modeline "1280x1024"x60.0  108.00  1280 1328 1440 1688  1024 1025 1028 1066 +hsync +vsync (64.0 kHz e)
[    24.788] (II) vmware(0): Modeline "1440x900"x59.9  106.50  1440 1520 1672 1904  900 903 909 934 -hsync +vsync (55.9 kHz e)
[    24.788] (II) vmware(0): Modeline "1280x960"x60.0  108.00  1280 1376 1488 1800  960 961 964 1000 +hsync +vsync (60.0 kHz e)
[    24.788] (II) vmware(0): Modeline "1360x768"x60.0   85.50  1360 1424 1536 1792  768 771 777 795 +hsync +vsync (47.7 kHz e)
[    24.788] (II) vmware(0): Modeline "1280x800"x59.8   83.50  1280 1352 1480 1680  800 803 809 831 +hsync -vsync (49.7 kHz e)
[    24.788] (II) vmware(0): Modeline "1152x864"x75.0  108.00  1152 1216 1344 1600  864 865 868 900 +hsync +vsync (67.5 kHz e)
[    24.788] (II) vmware(0): Modeline "1280x768"x59.9   79.50  1280 1344 1472 1664  768 771 778 798 -hsync +vsync (47.8 kHz e)
[    24.788] (II) vmware(0): Modeline "1024x768"x60.0   65.00  1024 1048 1184 1344  768 771 777 806 -hsync -vsync (48.4 kHz e)
[    24.788] (II) vmware(0): Modeline "800x600"x60.3   40.00  800 840 968 1056  600 601 605 628 +hsync +vsync (37.9 kHz e)
[    24.788] (II) vmware(0): Modeline "640x480"x59.9   25.18  640 656 752 800  480 489 492 525 -hsync -vsync (31.5 kHz e)
[    24.788] (II) vmware(0): EDID for output Virtual2
[    24.788] (II) vmware(0): EDID for output Virtual3
[    24.789] (II) vmware(0): EDID for output Virtual4
[    24.789] (II) vmware(0): EDID for output Virtual5
[    24.789] (II) vmware(0): EDID for output Virtual6
[    24.789] (II) vmware(0): EDID for output Virtual7
[    24.789] (II) vmware(0): EDID for output Virtual8
[    24.789] (II) vmware(0): Output Virtual1 connected
[    24.789] (II) vmware(0): Output Virtual2 disconnected
[    24.789] (II) vmware(0): Output Virtual3 disconnected
[    24.789] (II) vmware(0): Output Virtual4 disconnected
[    24.789] (II) vmware(0): Output Virtual5 disconnected
[    24.789] (II) vmware(0): Output Virtual6 disconnected
[    24.789] (II) vmware(0): Output Virtual7 disconnected
[    24.789] (II) vmware(0): Output Virtual8 disconnected
[    24.789] (II) vmware(0): Using exact sizes for initial modes
[    24.789] (II) vmware(0): Output Virtual1 using initial mode 1718x897 +0+0
[    24.789] (==) vmware(0): DPI set to (96, 96)
[    24.789] (==) vmware(0): Using gamma correction (1.0, 1.0, 1.0)
[    24.790] (II) Loading sub module "fb"
[    24.790] (II) LoadModule: "fb"
[    24.790] (II) Loading /usr/lib/xorg/modules/libfb.so
[    24.793] (II) Module fb: vendor="X.Org Foundation"
[    24.793] 	compiled for 1.20.8, module version = 1.0.0
[    24.793] 	ABI class: X.Org ANSI C Emulation, version 0.4
[    24.793] (II) Loading sub module "dri2"
[    24.793] (II) LoadModule: "dri2"
[    24.793] (II) Module "dri2" already built-in
[    24.793] (II) Loading sub module "dri3"
[    24.793] (II) LoadModule: "dri3"
[    24.793] (II) Module "dri3" already built-in
[    24.793] (II) UnloadModule: "modesetting"
[    24.793] (II) Unloading modesetting
[    24.793] (II) UnloadModule: "fbdev"
[    24.793] (II) Unloading fbdev
[    24.793] (II) UnloadSubModule: "fbdevhw"
[    24.793] (II) Unloading fbdevhw
[    24.793] (II) UnloadModule: "vesa"
[    24.793] (II) Unloading vesa
[    24.796] (II) vmware(0): Initialized VMWARE_CTRL extension version 0.2
[    24.832] (II) vmware(0): Gallium3D XA version: 2.5.0.
[    24.832] (II) vmware(0): Path of drm device is "/dev/dri/card0".
[    24.832] (II) vmware(0): [DRI2] Setup complete
[    24.832] (II) vmware(0): [DRI2]   DRI driver: vmwgfx
[    25.472] (--) vmware(0): Render acceleration is enabled.
[    25.472] (==) vmware(0): Rendercheck mode is disabled.
[    25.472] (--) vmware(0): Direct rendering (DRI2 3D) is enabled.
[    25.472] (--) vmware(0): Direct rendering (DRI3 3D) is enabled.
[    25.472] (==) vmware(0): Direct presents are disabled.
[    25.472] (==) vmware(0): Hardware only presents are automatic per scanout.
[    25.472] (==) vmware(0): Backing store enabled
[    25.472] (==) vmware(0): Silken mouse enabled
[    25.476] (==) vmware(0): DPMS enabled
[    25.476] (II) Initializing extension Generic Event Extension
[    25.476] (II) Initializing extension SHAPE
[    25.476] (II) Initializing extension MIT-SHM
[    25.476] (II) Initializing extension XInputExtension
[    25.477] (II) Initializing extension XTEST
[    25.478] (II) Initializing extension BIG-REQUESTS
[    25.478] (II) Initializing extension SYNC
[    25.478] (II) Initializing extension XKEYBOARD
[    25.478] (II) Initializing extension XC-MISC
[    25.478] (II) Initializing extension SECURITY
[    25.479] (II) Initializing extension XFIXES
[    25.479] (II) Initializing extension RENDER
[    25.479] (II) Initializing extension RANDR
[    25.479] (II) Initializing extension COMPOSITE
[    25.479] (II) Initializing extension DAMAGE
[    25.479] (II) Initializing extension MIT-SCREEN-SAVER
[    25.480] (II) Initializing extension DOUBLE-BUFFER
[    25.480] (II) Initializing extension RECORD
[    25.480] (II) Initializing extension DPMS
[    25.480] (II) Initializing extension Present
[    25.480] (II) Initializing extension DRI3
[    25.480] (II) Initializing extension X-Resource
[    25.481] (II) Initializing extension XVideo
[    25.481] (II) Initializing extension XVideo-MotionCompensation
[    25.481] (II) Initializing extension SELinux
[    25.481] (II) SELinux: Disabled on system
[    25.481] (II) Initializing extension GLX
[    25.497] (II) AIGLX: Loaded and initialized vmwgfx
[    25.497] (II) GLX: Initialized DRI2 GL provider for screen 0
[    25.497] (II) Initializing extension XFree86-VidModeExtension
[    25.497] (II) Initializing extension XFree86-DGA
[    25.497] (II) Initializing extension XFree86-DRI
[    25.497] (II) Initializing extension DRI2
[    25.525] (II) vmware(0): Setting screen physical size to 454 x 237
[    25.604] (II) config/udev: Adding input device Power Button (/dev/input/event0)
[    25.604] (**) Power Button: Applying InputClass "libinput keyboard catchall"
[    25.604] (II) LoadModule: "libinput"
[    25.606] (II) Loading /usr/lib/xorg/modules/input/libinput_drv.so
[    25.610] (II) Module libinput: vendor="X.Org Foundation"
[    25.610] 	compiled for 1.20.1, module version = 0.28.1
[    25.610] 	Module class: X.Org XInput Driver
[    25.610] 	ABI class: X.Org XInput driver, version 24.1
[    25.610] (II) Using input driver 'libinput' for 'Power Button'
[    25.611] (II) systemd-logind: got fd for /dev/input/event0 13:64 fd 24 paused 0
[    25.611] (**) Power Button: always reports core events
[    25.611] (**) Option "Device" "/dev/input/event0"
[    25.613] (**) Option "_source" "server/udev"
[    25.616] (II) event0  - Power Button: is tagged by udev as: Keyboard
[    25.616] (II) event0  - Power Button: device is a keyboard
[    25.616] (II) event0  - Power Button: device removed
[    25.616] (**) Option "config_info" "udev:/sys/devices/LNXSYSTM:00/LNXPWRBN:00/input/input0/event0"
[    25.617] (II) XINPUT: Adding extended input device "Power Button" (type: KEYBOARD, id 6)
[    25.617] (**) Option "xkb_model" "SKIP"
[    25.617] (**) Option "xkb_layout" "us"
[    25.644] (II) event0  - Power Button: is tagged by udev as: Keyboard
[    25.644] (II) event0  - Power Button: device is a keyboard
[    25.645] (II) config/udev: Adding input device VMware VMware Virtual USB Mouse (/dev/input/event4)
[    25.645] (**) VMware VMware Virtual USB Mouse: Applying InputClass "libinput pointer catchall"
[    25.645] (II) Using input driver 'libinput' for 'VMware VMware Virtual USB Mouse'
[    25.707] (II) systemd-logind: got fd for /dev/input/event4 13:68 fd 27 paused 0
[    25.707] (**) VMware VMware Virtual USB Mouse: always reports core events
[    25.707] (**) Option "Device" "/dev/input/event4"
[    25.707] (**) Option "_source" "server/udev"
[    25.708] (II) event4  - VMware VMware Virtual USB Mouse: is tagged by udev as: Mouse
[    25.709] (II) event4  - VMware VMware Virtual USB Mouse: device is a pointer
[    25.709] (II) event4  - VMware VMware Virtual USB Mouse: device removed
[    25.709] (**) Option "config_info" "udev:/sys/devices/pci0000:00/0000:00:11.0/0000:02:00.0/usb2/2-1/2-1:1.0/0003:0E0F:0003.0001/input/input5/event4"
[    25.709] (II) XINPUT: Adding extended input device "VMware VMware Virtual USB Mouse" (type: MOUSE, id 7)
[    25.709] (**) Option "AccelerationScheme" "none"
[    25.709] (**) VMware VMware Virtual USB Mouse: (accel) selected scheme none/0
[    25.709] (**) VMware VMware Virtual USB Mouse: (accel) acceleration factor: 2.000
[    25.709] (**) VMware VMware Virtual USB Mouse: (accel) acceleration threshold: 4
[    25.711] (II) event4  - VMware VMware Virtual USB Mouse: is tagged by udev as: Mouse
[    25.711] (II) event4  - VMware VMware Virtual USB Mouse: device is a pointer
[    25.712] (II) config/udev: Adding input device VMware VMware Virtual USB Mouse (/dev/input/mouse2)
[    25.712] (II) No input driver specified, ignoring this device.
[    25.712] (II) This device may have been added with another device file.
[    25.713] (II) config/udev: Adding input device AT Translated Set 2 keyboard (/dev/input/event1)
[    25.713] (**) AT Translated Set 2 keyboard: Applying InputClass "libinput keyboard catchall"
[    25.713] (II) Using input driver 'libinput' for 'AT Translated Set 2 keyboard'
[    25.714] (II) systemd-logind: got fd for /dev/input/event1 13:65 fd 28 paused 0
[    25.714] (**) AT Translated Set 2 keyboard: always reports core events
[    25.714] (**) Option "Device" "/dev/input/event1"
[    25.714] (**) Option "_source" "server/udev"
[    25.715] (II) event1  - AT Translated Set 2 keyboard: is tagged by udev as: Keyboard
[    25.715] (II) event1  - AT Translated Set 2 keyboard: device is a keyboard
[    25.715] (II) event1  - AT Translated Set 2 keyboard: device removed
[    25.715] (**) Option "config_info" "udev:/sys/devices/platform/i8042/serio0/input/input1/event1"
[    25.716] (II) XINPUT: Adding extended input device "AT Translated Set 2 keyboard" (type: KEYBOARD, id 8)
[    25.716] (**) Option "xkb_model" "SKIP"
[    25.716] (**) Option "xkb_layout" "us"
[    25.717] (II) event1  - AT Translated Set 2 keyboard: is tagged by udev as: Keyboard
[    25.717] (II) event1  - AT Translated Set 2 keyboard: device is a keyboard
[    25.717] (II) config/udev: Adding input device VirtualPS/2 VMware VMMouse (/dev/input/event3)
[    25.718] (**) VirtualPS/2 VMware VMMouse: Applying InputClass "libinput pointer catchall"
[    25.718] (II) Using input driver 'libinput' for 'VirtualPS/2 VMware VMMouse'
[    25.721] (II) systemd-logind: got fd for /dev/input/event3 13:67 fd 29 paused 0
[    25.722] (**) VirtualPS/2 VMware VMMouse: always reports core events
[    25.722] (**) Option "Device" "/dev/input/event3"
[    25.722] (**) Option "_source" "server/udev"
[    25.723] (II) event3  - VirtualPS/2 VMware VMMouse: is tagged by udev as: Mouse
[    25.723] (II) event3  - VirtualPS/2 VMware VMMouse: device is a pointer
[    25.723] (II) event3  - VirtualPS/2 VMware VMMouse: device removed
[    25.723] (**) Option "config_info" "udev:/sys/devices/platform/i8042/serio1/input/input3/event3"
[    25.723] (II) XINPUT: Adding extended input device "VirtualPS/2 VMware VMMouse" (type: MOUSE, id 9)
[    25.723] (**) Option "AccelerationScheme" "none"
[    25.723] (**) VirtualPS/2 VMware VMMouse: (accel) selected scheme none/0
[    25.723] (**) VirtualPS/2 VMware VMMouse: (accel) acceleration factor: 2.000
[    25.723] (**) VirtualPS/2 VMware VMMouse: (accel) acceleration threshold: 4
[    25.723] (II) event3  - VirtualPS/2 VMware VMMouse: is tagged by udev as: Mouse
[    25.723] (II) event3  - VirtualPS/2 VMware VMMouse: device is a pointer
[    25.724] (II) config/udev: Adding input device VirtualPS/2 VMware VMMouse (/dev/input/mouse1)
[    25.724] (II) No input driver specified, ignoring this device.
[    25.724] (II) This device may have been added with another device file.
[    25.724] (II) config/udev: Adding input device VirtualPS/2 VMware VMMouse (/dev/input/event2)
[    25.724] (**) VirtualPS/2 VMware VMMouse: Applying InputClass "libinput pointer catchall"
[    25.724] (II) Using input driver 'libinput' for 'VirtualPS/2 VMware VMMouse'
[    25.725] (II) systemd-logind: got fd for /dev/input/event2 13:66 fd 30 paused 0
[    25.725] (**) VirtualPS/2 VMware VMMouse: always reports core events
[    25.725] (**) Option "Device" "/dev/input/event2"
[    25.725] (**) Option "_source" "server/udev"
[    25.726] (II) event2  - VirtualPS/2 VMware VMMouse: is tagged by udev as: Mouse
[    25.726] (II) event2  - VirtualPS/2 VMware VMMouse: device is a pointer
[    25.726] (II) event2  - VirtualPS/2 VMware VMMouse: device removed
[    25.726] (**) Option "config_info" "udev:/sys/devices/platform/i8042/serio1/input/input4/event2"
[    25.726] (II) XINPUT: Adding extended input device "VirtualPS/2 VMware VMMouse" (type: MOUSE, id 10)
[    25.726] (**) Option "AccelerationScheme" "none"
[    25.726] (**) VirtualPS/2 VMware VMMouse: (accel) selected scheme none/0
[    25.726] (**) VirtualPS/2 VMware VMMouse: (accel) acceleration factor: 2.000
[    25.726] (**) VirtualPS/2 VMware VMMouse: (accel) acceleration threshold: 4
[    25.726] (II) event2  - VirtualPS/2 VMware VMMouse: is tagged by udev as: Mouse
[    25.726] (II) event2  - VirtualPS/2 VMware VMMouse: device is a pointer
[    25.727] (II) config/udev: Adding input device VirtualPS/2 VMware VMMouse (/dev/input/mouse0)
[    25.727] (II) No input driver specified, ignoring this device.
[    25.727] (II) This device may have been added with another device file.
[   176.825] (!!) vmware(0): New layout.
[   176.825] (!!) vmware(0): 0: 0 0 720 465
[   176.825] (!!) vmware(0): 
[   179.177] (!!) vmware(0): New layout.
[   179.177] (!!) vmware(0): 0: 0 0 1718 897
[   179.177] (!!) vmware(0): 
